<?xml version="1.0" encoding="UTF-8"?>
<!-- Generated by org.testng.reporters.JUnitReportReporter -->
<testsuite skipped="0" hostname="ARPGL000386" name="com.org.browerserstack.BrowserTest" tests="1" failures="0" timestamp="27 Jun 2020 08:58:33 GMT" time="29.129" errors="0">
  <testcase name="start" time="29.129" classname="com.org.browerserstack.BrowserTest"/>
</testsuite> <!-- com.org.browerserstack.BrowserTest -->
