<?xml version="1.0" encoding="UTF-8"?>
<!-- Generated by org.testng.reporters.JUnitReportReporter -->
<testsuite skipped="0" hostname="ARPGL000386" name="com.org.browerserstack.AppTest" tests="1" failures="0" timestamp="27 Jun 2020 08:58:34 GMT" time="0.004" errors="0">
  <testcase name="shouldAnswerWithTrue" time="0.004" classname="com.org.browerserstack.AppTest"/>
</testsuite> <!-- com.org.browerserstack.AppTest -->
