<?xml version="1.0" encoding="UTF-8"?>
<!-- Generated by org.testng.reporters.JUnitReportReporter -->
<testsuite skipped="0" hostname="ARPGL000386" name="com.org.browerserstack.BrowserTest" tests="1" failures="0" timestamp="2020-06-27T14:42:41 IST" time="28.960" errors="0">
  <testcase name="start" time="28.960" classname="com.org.browerserstack.BrowserTest"/>
  <system-out/>
</testsuite> <!-- com.org.browerserstack.BrowserTest -->
